[2025-05-18 23:41:16] [INFO]: LoginPage Testing started
[2025-05-19 00:04:57] [INFO]: LoginPage Testing started
[2025-05-19 00:07:40] [INFO]: LoginPage Testing started
[2025-05-19 00:07:44] [INFO]: Url assertion passed succesfully
[2025-05-19 00:07:46] [INFO]: Login Button is clicked Succesfully
[2025-05-19 00:07:46] [INFO]: Login page Testing Ended
[2025-05-19 00:07:46] [INFO]: Products Testing started
[2025-05-19 00:07:49] [INFO]: Add to cart button Successfuly clicked
[2025-05-19 00:08:48] [INFO]: LoginPage Testing started
[2025-05-19 00:08:57] [ERROR]: Application url assertion failedError: [31mTimed out 5000ms waiting for [39m[2mexpect([22m[31mlocator[39m[2m).[22mtoHaveURL[2m([22m[32mexpected[39m[2m)[22m

Locator: locator(':root')
Expected string: [32m"https://demowebshop.tricentis./"[39m
Received string: [31m"https://demowebshop.tricentis.[7mcom[27m/"[39m
Call log:
[2m  - expect.toHaveURL with timeout 5000ms[22m
[2m  - waiting for locator(':root')[22m
[2m    8 Ã— locator resolved to <html>â€¦</html>[22m
[2m      - unexpected value "https://demowebshop.tricentis.com/"[22m

[2025-05-19 00:08:59] [INFO]: Login Button is clicked Succesfully
[2025-05-19 00:08:59] [INFO]: Login page Testing Ended
[2025-05-19 00:08:59] [INFO]: Products Testing started
[2025-05-19 00:09:01] [INFO]: Add to cart button Successfuly clicked
[2025-05-19 00:09:04] [INFO]: Products Testing Ended
[2025-05-19 00:09:07] [INFO]: Checkout Testing started
[2025-05-19 00:09:16] [INFO]: Checkout Testing started
[2025-05-19 00:15:26] [INFO]: LoginPage Testing started
[2025-05-19 00:15:30] [INFO]: Url assertion passed succesfully
[2025-05-19 00:15:31] [INFO]: Login Button is clicked Succesfully
[2025-05-19 00:15:31] [INFO]: Login page Testing Ended
[2025-05-19 00:15:31] [INFO]: Products Testing started
[2025-05-19 00:15:33] [INFO]: Add to cart button Successfuly clicked
[2025-05-19 00:15:57] [INFO]: Products Testing Ended
[2025-05-19 00:16:00] [INFO]: Checkout Testing started
[2025-05-19 00:16:41] [INFO]: LoginPage Testing started
[2025-05-19 00:16:50] [ERROR]: Application url assertion failedError: [31mTimed out 5000ms waiting for [39m[2mexpect([22m[31mlocator[39m[2m).[22mtoHaveURL[2m([22m[32mexpected[39m[2m)[22m

Locator: locator(':root')
Expected string: [32m"https://demowebshop.tricentis./"[39m
Received string: [31m"https://demowebshop.tricentis.[7mcom[27m/"[39m
Call log:
[2m  - expect.toHaveURL with timeout 5000ms[22m
[2m  - waiting for locator(':root')[22m
[2m    9 Ã— locator resolved to <html>â€¦</html>[22m
[2m      - unexpected value "https://demowebshop.tricentis.com/"[22m

[2025-05-19 00:16:55] [INFO]: Login Button is clicked Succesfully
[2025-05-19 00:16:55] [INFO]: Login page Testing Ended
[2025-05-19 00:16:55] [INFO]: Products Testing started
[2025-05-19 00:17:06] [INFO]: Add to cart button Successfuly clicked
[2025-05-19 00:17:15] [INFO]: Products Testing Ended
[2025-05-19 00:18:36] [INFO]: LoginPage Testing started
[2025-05-19 00:18:44] [ERROR]: Application url assertion failedError: [31mTimed out 5000ms waiting for [39m[2mexpect([22m[31mlocator[39m[2m).[22mtoHaveURL[2m([22m[32mexpected[39m[2m)[22m

Locator: locator(':root')
Expected string: [32m"https://demowebshop.tricentis./"[39m
Received string: [31m"https://demowebshop.tricentis.[7mcom[27m/"[39m
Call log:
[2m  - expect.toHaveURL with timeout 5000ms[22m
[2m  - waiting for locator(':root')[22m
[2m    8 Ã— locator resolved to <html>â€¦</html>[22m
[2m      - unexpected value "https://demowebshop.tricentis.com/"[22m

[2025-05-19 00:18:46] [INFO]: Login Button is clicked Succesfully
[2025-05-19 00:18:46] [INFO]: Login page Testing Ended
[2025-05-19 00:18:46] [INFO]: Products Testing started
[2025-05-19 00:18:48] [INFO]: Add to cart button Successfuly clicked
[2025-05-19 00:18:51] [INFO]: Products Testing Ended
[2025-05-19 00:18:51] [INFO]: Checkout Testing started
[2025-05-19 00:19:08] [INFO]: Checkout Testing started
[2025-05-19 00:25:23] [INFO]: LoginPage Testing started
[2025-05-19 00:25:26] [INFO]: Url assertion passed succesfully
[2025-05-19 00:26:45] [INFO]: LoginPage Testing started
[2025-05-19 00:26:48] [INFO]: Url assertion passed succesfully
[2025-05-19 00:28:31] [INFO]: LoginPage Testing started
[2025-05-19 00:28:34] [INFO]: Url assertion passed succesfully
[2025-05-19 00:28:35] [INFO]: Login page Testing Ended
[2025-05-19 00:28:35] [INFO]: Products Testing started
[2025-05-19 00:29:38] [INFO]: LoginPage Testing started
[2025-05-19 00:29:41] [INFO]: Url assertion passed succesfully
[2025-05-19 00:29:42] [ERROR]: Error Occured While Clicking lOgin Button
[2025-05-19 00:29:42] [INFO]: Login page Testing Ended
[2025-05-19 00:29:42] [INFO]: Products Testing started
[2025-05-19 00:31:37] [INFO]: LoginPage Testing started
[2025-05-19 00:31:43] [INFO]: Url assertion passed succesfully
[2025-05-19 00:31:44] [INFO]: Login Button is clicked Succesfully
[2025-05-19 00:31:44] [INFO]: Login page Testing Ended
[2025-05-19 00:31:44] [INFO]: Products Testing started
[2025-05-19 00:31:46] [INFO]: Add to cart button Successfuly clicked
[2025-05-19 00:31:49] [INFO]: Products Testing Ended
[2025-05-19 00:31:49] [INFO]: Checkout Testing started
[2025-05-19 00:31:58] [INFO]: Checkout Testing started
[2025-05-19 00:33:31] [INFO]: LoginPage Testing started
[2025-05-19 00:33:35] [INFO]: Url assertion passed succesfully
[2025-05-19 00:33:37] [INFO]: Login Button is clicked Succesfully
[2025-05-19 00:33:37] [INFO]: Login page Testing Ended
[2025-05-19 00:33:37] [INFO]: Products Testing started
[2025-05-19 00:33:38] [INFO]: Add to cart button Successfuly clicked
[2025-05-19 00:33:53] [INFO]: Products Testing Ended
[2025-05-19 00:33:53] [INFO]: Checkout Testing started
[2025-05-19 00:35:56] [INFO]: LoginPage Testing started
[2025-05-19 00:36:00] [INFO]: Url assertion passed succesfully
[2025-05-19 00:36:02] [INFO]: Login Button is clicked Succesfully
[2025-05-19 00:36:02] [INFO]: Login page Testing Ended
[2025-05-19 00:36:02] [INFO]: Products Testing started
[2025-05-19 00:36:03] [INFO]: Add to cart button Successfuly clicked
[2025-05-19 00:36:07] [INFO]: Products Testing Ended
[2025-05-19 00:36:07] [INFO]: Checkout Testing started
[2025-05-19 00:36:17] [INFO]: Checkout Testing started
[2025-05-19 03:14:48] [INFO]: LoginPage Testing started
[2025-05-19 03:14:51] [INFO]: Url assertion passed succesfully
[2025-05-19 03:14:53] [INFO]: Login Button is clicked Succesfully
[2025-05-19 03:14:53] [INFO]: Login page Testing Ended
[2025-05-19 03:14:53] [INFO]: Products Testing started
[2025-05-19 03:14:55] [INFO]: Add to cart button Successfuly clicked
[2025-05-19 03:14:59] [INFO]: Products Testing Ended
[2025-05-19 03:14:59] [INFO]: Checkout Testing started
[2025-05-19 03:15:10] [INFO]: Checkout Testing started
[2025-05-19 14:49:55] [INFO]: LoginPage Testing started
[2025-05-19 14:49:58] [INFO]: Url assertion passed succesfully
[2025-05-19 14:50:00] [INFO]: Login Button is clicked Succesfully
[2025-05-19 14:50:00] [INFO]: Login page Testing Ended
[2025-05-19 14:50:00] [INFO]: Products Testing started
[2025-05-19 14:50:01] [INFO]: Add to cart button Successfuly clicked
[2025-05-19 14:50:05] [INFO]: Products Testing Ended
[2025-05-19 14:50:05] [INFO]: Checkout Testing started
[2025-05-19 14:50:14] [INFO]: Checkout Testing started
[2025-05-19 15:03:56] [INFO]: LoginPage Testing started
[2025-05-19 15:03:59] [INFO]: Url assertion passed succesfully
[2025-05-19 15:04:01] [INFO]: Login Button is clicked Succesfully
[2025-05-19 15:04:01] [INFO]: Login page Testing Ended
[2025-05-19 15:04:01] [INFO]: Products Testing started
[2025-05-19 15:04:02] [INFO]: Add to cart button Successfuly clicked
[2025-05-19 15:04:06] [INFO]: Products Testing Ended
[2025-05-19 15:04:06] [INFO]: Checkout Testing started
[2025-05-19 15:04:15] [INFO]: Checkout Testing started
[2025-05-19 15:05:22] [INFO]: LoginPage Testing started
[2025-05-19 15:05:25] [INFO]: Url assertion passed succesfully
[2025-05-19 15:05:26] [INFO]: Login Button is clicked Succesfully
[2025-05-19 15:05:26] [INFO]: Login page Testing Ended
[2025-05-19 15:05:26] [INFO]: Products Testing started
[2025-05-19 15:05:28] [INFO]: Add to cart button Successfuly clicked
[2025-05-19 15:05:31] [INFO]: Products Testing Ended
[2025-05-19 15:05:31] [INFO]: Checkout Testing started
[2025-05-19 15:05:41] [INFO]: Checkout Testing started
[2025-05-19 15:11:37] [INFO]: LoginPage Testing started
[2025-05-19 15:11:39] [INFO]: Url assertion passed succesfully
[2025-05-19 15:11:41] [INFO]: Login Button is clicked Succesfully
[2025-05-19 15:11:41] [INFO]: Login page Testing Ended
[2025-05-19 15:11:41] [INFO]: Products Testing started
[2025-05-19 15:11:43] [INFO]: Add to cart button Successfuly clicked
[2025-05-19 15:11:46] [INFO]: Products Testing Ended
[2025-05-19 15:11:46] [INFO]: Checkout Testing started
[2025-05-19 15:11:56] [INFO]: Checkout Testing started
[2025-05-19 15:13:43] [INFO]: LoginPage Testing started
[2025-05-19 15:13:45] [INFO]: Url assertion passed succesfully
[2025-05-19 15:13:47] [INFO]: Login Button is clicked Succesfully
[2025-05-19 15:13:47] [INFO]: Login page Testing Ended
[2025-05-19 15:13:47] [INFO]: Products Testing started
[2025-05-19 15:13:48] [INFO]: Add to cart button Successfuly clicked
[2025-05-19 15:13:52] [INFO]: Products Testing Ended
[2025-05-19 15:13:52] [INFO]: Checkout Testing started
[2025-05-19 15:14:01] [INFO]: Checkout Testing started
[2025-05-19 16:04:58] [INFO]: LoginPage Testing started
[2025-05-19 16:06:02] [INFO]: validations of loginpage started
[2025-05-19 16:06:02] [INFO]: Login page Assertion started
[2025-05-19 16:06:02] [ERROR]: Login Page Assertion FailedReferenceError: AssertionUtilities is not defined
[2025-05-19 16:06:53] [INFO]: validations of loginpage started
[2025-05-19 16:06:53] [INFO]: Login page Assertion started
[2025-05-19 16:06:53] [ERROR]: Login Page Assertion FailedReferenceError: AssertionUtilities is not defined
[2025-05-19 16:06:56] [INFO]: Url assertion passed succesfully
[2025-05-19 20:49:39] [INFO]: validations of loginpage started
[2025-05-19 20:49:39] [INFO]: Login page Assertion started
[2025-05-19 20:49:39] [ERROR]: Login Page Assertion FailedReferenceError: AssertionUtilities is not defined
[2025-05-19 21:54:34] [INFO]: validations of loginpage started
[2025-05-19 21:54:34] [INFO]: Login page Assertion started
[2025-05-19 21:54:34] [ERROR]: Login Page Assertion FailedReferenceError: AssertionUtilities is not defined
[2025-05-19 21:54:36] [INFO]: Url assertion passed succesfully
[2025-05-19 21:56:07] [INFO]: validations of loginpage started
[2025-05-19 21:56:10] [INFO]: Url assertion passed succesfully
[2025-05-19 21:56:10] [INFO]: Login page Assertion started
[2025-05-19 21:56:10] [ERROR]: Login Page Assertion FailedReferenceError: AssertionUtilities is not defined
[2025-05-19 22:01:01] [INFO]: validations of loginpage started
[2025-05-19 22:01:04] [INFO]: Url assertion passed succesfully
[2025-05-19 22:01:04] [INFO]: Login page Assertion started
[2025-05-19 22:01:04] [ERROR]: Login Page Assertion FailedTypeError: Cannot read properties of undefined (reading 'ValidationsOnLoginPage')
[2025-05-19 22:04:22] [INFO]: validations of loginpage started
[2025-05-19 22:05:12] [INFO]: validations of loginpage started
[2025-05-19 22:13:31] [INFO]: validations of loginpage started
[2025-05-19 22:15:40] [INFO]: Validations of login page started
[2025-05-19 22:17:31] [INFO]: Validations of login page started
[2025-05-19 22:17:34] [INFO]: Url assertion passed succesfully
[2025-05-19 22:17:34] [INFO]: Login page Assertion started
[2025-05-19 22:17:34] [ERROR]: Login Page Assertion FailedTypeError: Cannot read properties of undefined (reading 'BasicAssertion')
[2025-05-19 22:23:07] [INFO]: Test for Validations of login page started
[2025-05-19 22:23:10] [INFO]: Url assertion passed succesfully
[2025-05-19 22:23:10] [INFO]: Login page Assertion started
[2025-05-19 22:23:10] [INFO]: Login page Assertion Ended
[2025-05-19 22:23:20] [INFO]: Test for Validations of login page started
[2025-05-19 22:23:23] [INFO]: Url assertion passed succesfully
[2025-05-19 22:23:23] [INFO]: Login page Assertion started
[2025-05-19 22:23:23] [INFO]: Login page Assertion Ended
[2025-05-19 22:23:33] [INFO]: Test for Validations of login page started
[2025-05-19 22:23:35] [INFO]: Url assertion passed succesfully
[2025-05-19 22:23:36] [INFO]: Login page Assertion started
[2025-05-19 22:23:36] [INFO]: Login page Assertion Ended
[2025-05-19 22:23:45] [INFO]: Test for Validations of login page started
[2025-05-19 22:26:36] [INFO]: Test for Validations of login page started
[2025-05-19 22:26:39] [INFO]: Url assertion passed succesfully
[2025-05-19 22:26:39] [INFO]: Login page Assertion started
[2025-05-19 22:26:39] [INFO]: Login page Assertion Ended
[2025-05-19 22:27:53] [INFO]: Test for Validations of login page started
[2025-05-19 22:27:56] [INFO]: Url assertion passed succesfully
[2025-05-19 22:27:56] [INFO]: Login page Assertion started
[2025-05-19 22:27:56] [INFO]: Login page Assertion Ended
[2025-05-19 22:35:27] [INFO]: Test for Validations of login page started
[2025-05-19 22:35:31] [INFO]: Url assertion passed succesfully
[2025-05-19 22:35:31] [INFO]: Login page Assertion started
[2025-05-19 22:35:31] [WARN]: href is not editableError: expect.toBeEditable: Error: Element is not an <input>, <textarea>, <select> or [contenteditable] and does not have a role allowing [aria-readonly]
Call log:
[2m  - expect.toBeEditable with timeout 5000ms[22m
[2m  - waiting for locator('[href=\'/login\']')[22m

[2025-05-19 22:35:32] [INFO]: Login page Assertion Ended
[2025-05-19 22:37:08] [INFO]: Test for Validations of login page started
[2025-05-19 22:37:11] [INFO]: Url assertion passed succesfully
[2025-05-19 22:37:11] [INFO]: Login page Assertion started
[2025-05-19 22:37:12] [INFO]: Login page Assertion Ended
[2025-05-19 22:48:42] [INFO]: Test for Validations of login page started
[2025-05-19 22:48:47] [INFO]: Url assertion passed succesfully
[2025-05-19 22:48:47] [INFO]: Login page Assertion started
[2025-05-19 22:48:48] [INFO]: Login page Assertion Ended
[2025-05-19 22:49:09] [INFO]: Test for Validations of login page started
[2025-05-19 22:49:12] [INFO]: Url assertion passed succesfully
[2025-05-19 22:49:12] [INFO]: Login page Assertion started
[2025-05-19 22:49:12] [INFO]: Login  href Assertion started
[2025-05-19 22:49:12] [INFO]: Login  href ended Assertion ended
[2025-05-19 22:49:12] [INFO]: Login  href is clicked
[2025-05-19 22:49:12] [INFO]: Login  href ended Assertion ended
[2025-05-19 22:49:13] [INFO]: Login  href ended Assertion ended
[2025-05-19 22:49:13] [INFO]: Login page Assertion Ended
[2025-05-19 22:53:15] [INFO]: Test for Validations of login page started
[2025-05-19 22:53:17] [INFO]: Url assertion passed succesfully
[2025-05-19 22:53:17] [INFO]: Login page Assertion started
[2025-05-19 22:53:17] [INFO]: Login  href Assertion started
[2025-05-19 22:53:18] [INFO]: Login  href ended Assertion ended
[2025-05-19 22:53:18] [INFO]: Login  href is clicked
[2025-05-19 22:53:18] [INFO]: Login Username Assertion started
[2025-05-19 22:53:18] [INFO]: Login Username Assertion ended
[2025-05-19 22:53:18] [INFO]: Login pasword Assertion started
[2025-05-19 22:53:18] [INFO]: Login password Assertion ended
[2025-05-19 22:53:18] [INFO]: Login btn Assertion started
[2025-05-19 22:53:18] [INFO]: Login btn Assertion ended
[2025-05-19 22:53:18] [INFO]: Login page Asertion Ended
[2025-05-19 23:00:55] [INFO]: Test for Validations of login page started
[2025-05-19 23:00:58] [INFO]: Url assertion passed succesfully
[2025-05-19 23:00:58] [INFO]: Login  href Assertion started
[2025-05-19 23:00:58] [INFO]: Login  href ended Assertion ended
[2025-05-19 23:00:59] [INFO]: Login  href is clicked
[2025-05-19 23:00:59] [INFO]: Login Username Assertion started
[2025-05-19 23:00:59] [INFO]: Login Username Assertion ended
[2025-05-19 23:00:59] [INFO]: Login pasword Assertion started
[2025-05-19 23:00:59] [INFO]: Login password Assertion ended
[2025-05-19 23:00:59] [INFO]: Login btn Assertion started
[2025-05-19 23:00:59] [INFO]: Login btn Assertion ended
[2025-05-19 23:00:59] [INFO]: Login page Asertion Ended
[2025-05-19 23:44:00] [INFO]: LoginPage Testing started
[2025-05-19 23:48:08] [INFO]: LoginPage Testing started
[2025-05-19 23:48:11] [INFO]: Url assertion passed succesfully
[2025-05-19 23:49:01] [INFO]: LoginPage Testing started
[2025-05-19 23:49:05] [INFO]: Url assertion passed succesfully
[2025-05-19 23:49:06] [INFO]: Login page Testing Ended
[2025-05-19 23:49:06] [INFO]: Products Testing started
[2025-05-19 23:49:08] [INFO]: Add to cart button Successfuly clicked
[2025-05-19 23:49:11] [INFO]: Products Testing Ended
[2025-05-19 23:49:11] [INFO]: Checkout Testing started
[2025-05-19 23:49:19] [INFO]: Checkout Testing started
[2025-05-19 23:52:11] [INFO]: validation of productpage
[2025-05-19 23:54:59] [INFO]: validation of productpage
[2025-05-19 23:54:59] [INFO]: LoginPage Testing started
[2025-05-19 23:55:02] [INFO]: Url assertion passed succesfully
[2025-05-19 23:56:25] [INFO]: validation of productpage
[2025-05-19 23:56:25] [INFO]: LoginPage Testing started
[2025-05-19 23:56:29] [INFO]: Url assertion passed succesfully
[2025-05-19 23:57:08] [INFO]: validation of productpage
[2025-05-19 23:57:08] [INFO]: LoginPage Testing started
[2025-05-19 23:57:11] [INFO]: Url assertion passed succesfully
[2025-05-19 23:59:58] [INFO]: validation of productpage
[2025-05-19 23:59:58] [INFO]: LoginPage Testing started
[2025-05-20 00:00:01] [INFO]: Url assertion passed succesfully
[2025-05-20 00:05:45] [INFO]: LoginPage Testing started
[2025-05-20 00:05:48] [INFO]: Url assertion passed succesfully
[2025-05-20 00:05:49] [INFO]: Login page Testing Ended
[2025-05-20 00:05:49] [INFO]: Products Testing started
[2025-05-20 00:05:51] [INFO]: Add to cart button Successfuly clicked
[2025-05-20 00:05:54] [INFO]: Products Testing Ended
[2025-05-20 00:05:54] [INFO]: Checkout Testing started
[2025-05-20 00:06:03] [INFO]: Checkout Testing started
[2025-05-20 00:06:41] [INFO]: validation of productpage
[2025-05-20 00:06:41] [INFO]: LoginPage Testing started
[2025-05-20 00:06:47] [INFO]: Url assertion passed succesfully
[2025-05-20 00:08:12] [INFO]: validation of productpage
[2025-05-20 00:08:12] [INFO]: LoginPage Testing started
[2025-05-20 00:08:15] [INFO]: Url assertion passed succesfully
[2025-05-20 00:10:56] [INFO]: validation of productpage
[2025-05-20 00:10:56] [INFO]: LoginPage Testing started
[2025-05-20 00:10:59] [INFO]: Url assertion passed succesfully
[2025-05-20 00:23:23] [INFO]: validation of productpage
[2025-05-20 00:23:23] [INFO]: LoginPage Testing started
[2025-05-20 00:23:26] [INFO]: Url assertion passed succesfully
[2025-05-20 00:23:27] [INFO]: Assertion on Add to productlink  Successfuly passed
[2025-05-20 00:23:29] [INFO]: Assertion on processor are Successfuly passed
[2025-05-20 00:23:29] [INFO]: Assertion on Add tocart  Successfuly passed
[2025-05-20 00:23:29] [INFO]: Assertion on shopping cart Successfuly passed
[2025-05-20 17:12:15] [INFO]: LoginPage Testing started
[2025-05-20 17:12:17] [INFO]: Url assertion passed succesfully
[2025-05-20 17:12:19] [INFO]: Login page Testing Ended
[2025-05-20 17:12:19] [INFO]: Products Testing started
[2025-05-20 17:12:21] [INFO]: Add to cart button Successfuly clicked
[2025-05-20 17:12:24] [INFO]: Products Testing Ended
[2025-05-20 17:12:24] [INFO]: Checkout Testing started
[2025-05-20 17:12:35] [INFO]: Checkout Testing started
[2025-05-20 17:13:28] [INFO]: LoginPage Testing started
[2025-05-20 17:13:31] [INFO]: Url assertion passed succesfully
[2025-05-20 17:13:32] [INFO]: Login page Testing Ended
[2025-05-20 17:13:32] [INFO]: Products Testing started
[2025-05-20 17:13:34] [INFO]: Add to cart button Successfuly clicked
[2025-05-20 17:13:38] [INFO]: Products Testing Ended
[2025-05-20 17:13:38] [INFO]: Checkout Testing started
[2025-05-20 17:13:47] [INFO]: Checkout Testing started
[2025-05-20 17:13:48] [INFO]: Test for Validations of login page started
[2025-05-20 17:13:50] [INFO]: Url assertion passed succesfully
[2025-05-20 17:13:50] [INFO]: Login  href Assertion started
[2025-05-20 17:13:50] [INFO]: Login  href ended Assertion ended
[2025-05-20 17:13:51] [INFO]: Login  href is clicked
[2025-05-20 17:13:51] [INFO]: Login Username Assertion started
[2025-05-20 17:13:51] [INFO]: Login Username Assertion ended
[2025-05-20 17:13:51] [INFO]: Login pasword Assertion started
[2025-05-20 17:13:51] [INFO]: Login password Assertion ended
[2025-05-20 17:13:51] [INFO]: Login btn Assertion started
[2025-05-20 17:13:51] [INFO]: Login btn Assertion ended
[2025-05-20 17:13:51] [INFO]: Login page Asertion Ended
[2025-05-20 17:16:31] [INFO]: LoginPage Testing started
[2025-05-20 17:16:34] [INFO]: Url assertion passed succesfully
[2025-05-20 17:16:35] [INFO]: Login page Testing Ended
[2025-05-20 17:16:35] [INFO]: Products Testing started
[2025-05-20 17:16:37] [INFO]: Add to cart button Successfuly clicked
[2025-05-20 17:16:40] [INFO]: Products Testing Ended
[2025-05-20 17:16:40] [INFO]: Checkout Testing started
[2025-05-20 17:16:49] [INFO]: Checkout Testing started
[2025-05-20 17:16:49] [INFO]: Test for Validations of login page started
[2025-05-20 17:16:52] [INFO]: Url assertion passed succesfully
[2025-05-20 17:16:52] [INFO]: Login  href Assertion started
[2025-05-20 17:16:52] [INFO]: Login  href ended Assertion ended
[2025-05-20 17:16:53] [INFO]: Login  href is clicked
[2025-05-20 17:16:53] [INFO]: Login Username Assertion started
[2025-05-20 17:16:53] [INFO]: Login Username Assertion ended
[2025-05-20 17:16:53] [INFO]: Login pasword Assertion started
[2025-05-20 17:16:53] [INFO]: Login password Assertion ended
[2025-05-20 17:16:53] [INFO]: Login btn Assertion started
[2025-05-20 17:16:53] [INFO]: Login btn Assertion ended
[2025-05-20 17:16:53] [INFO]: Login page Asertion Ended
[2025-05-20 17:17:25] [INFO]: LoginPage Testing started
[2025-05-20 17:17:28] [INFO]: Url assertion passed succesfully
[2025-05-20 17:17:29] [INFO]: Login page Testing Ended
[2025-05-20 17:17:29] [INFO]: Products Testing started
[2025-05-20 17:17:31] [INFO]: Add to cart button Successfuly clicked
[2025-05-20 17:17:35] [INFO]: Products Testing Ended
[2025-05-20 17:17:35] [INFO]: Checkout Testing started
[2025-05-20 17:17:52] [INFO]: Checkout Testing started
[2025-05-20 17:17:58] [INFO]: Test for Validations of login page started
[2025-05-20 17:18:00] [INFO]: Url assertion passed succesfully
[2025-05-20 17:18:00] [INFO]: Login  href Assertion started
[2025-05-20 17:18:00] [INFO]: Login  href ended Assertion ended
[2025-05-20 17:18:01] [INFO]: Login  href is clicked
[2025-05-20 17:18:01] [INFO]: Login Username Assertion started
[2025-05-20 17:18:01] [INFO]: Login Username Assertion ended
[2025-05-20 17:18:01] [INFO]: Login pasword Assertion started
[2025-05-20 17:18:01] [INFO]: Login password Assertion ended
[2025-05-20 17:18:01] [INFO]: Login btn Assertion started
[2025-05-20 17:18:01] [INFO]: Login btn Assertion ended
[2025-05-20 17:18:01] [INFO]: Login page Asertion Ended
[2025-05-20 17:18:09] [INFO]: LoginPage Testing started
[2025-05-20 17:18:12] [INFO]: Url assertion passed succesfully
[2025-05-20 17:18:13] [INFO]: Login page Testing Ended
[2025-05-20 17:18:13] [INFO]: Products Testing started
[2025-05-20 17:18:15] [INFO]: Add to cart button Successfuly clicked
[2025-05-20 17:18:18] [INFO]: Products Testing Ended
[2025-05-20 17:18:18] [INFO]: Checkout Testing started
[2025-05-20 17:18:29] [INFO]: Checkout Testing started
[2025-05-20 17:18:29] [INFO]: Test for Validations of login page started
[2025-05-20 17:18:32] [INFO]: Url assertion passed succesfully
[2025-05-20 17:18:32] [INFO]: Login  href Assertion started
[2025-05-20 17:18:32] [INFO]: Login  href ended Assertion ended
[2025-05-20 17:18:32] [INFO]: Login  href is clicked
[2025-05-20 17:18:32] [INFO]: Login Username Assertion started
[2025-05-20 17:18:32] [INFO]: Login Username Assertion ended
[2025-05-20 17:18:32] [INFO]: Login pasword Assertion started
[2025-05-20 17:18:33] [INFO]: Login password Assertion ended
[2025-05-20 17:18:33] [INFO]: Login btn Assertion started
[2025-05-20 17:18:33] [INFO]: Login btn Assertion ended
[2025-05-20 17:18:33] [INFO]: Login page Asertion Ended
[2025-05-20 17:19:32] [INFO]: LoginPage Testing started
[2025-05-20 17:19:34] [INFO]: Url assertion passed succesfully
[2025-05-20 17:19:41] [INFO]: Login page Testing Ended
[2025-05-20 17:19:41] [INFO]: Products Testing started
[2025-05-20 17:19:48] [INFO]: Add to cart button Successfuly clicked
[2025-05-20 17:19:53] [INFO]: Products Testing Ended
[2025-05-20 17:19:53] [INFO]: Checkout Testing started
[2025-05-20 17:20:12] [INFO]: Test for Validations of login page started
[2025-05-20 17:20:14] [INFO]: Url assertion passed succesfully
[2025-05-20 17:20:14] [INFO]: Login  href Assertion started
[2025-05-20 17:20:14] [INFO]: Login  href ended Assertion ended
[2025-05-20 17:20:15] [INFO]: Login  href is clicked
[2025-05-20 17:20:15] [INFO]: Login Username Assertion started
[2025-05-20 17:20:15] [INFO]: Login Username Assertion ended
[2025-05-20 17:20:15] [INFO]: Login pasword Assertion started
[2025-05-20 17:20:15] [INFO]: Login password Assertion ended
[2025-05-20 17:20:15] [INFO]: Login btn Assertion started
[2025-05-20 17:20:15] [INFO]: Login btn Assertion ended
[2025-05-20 17:20:15] [INFO]: Login page Asertion Ended
[2025-05-20 17:20:25] [INFO]: LoginPage Testing started
[2025-05-20 17:20:27] [INFO]: Url assertion passed succesfully
[2025-05-20 17:20:29] [INFO]: Login page Testing Ended
[2025-05-20 17:20:29] [INFO]: Products Testing started
[2025-05-20 17:20:30] [INFO]: Add to cart button Successfuly clicked
[2025-05-20 17:20:34] [INFO]: Products Testing Ended
[2025-05-20 17:20:34] [INFO]: Checkout Testing started
[2025-05-20 17:20:52] [INFO]: Checkout Testing started
[2025-05-20 17:20:57] [INFO]: Test for Validations of login page started
[2025-05-20 17:21:00] [INFO]: Url assertion passed succesfully
[2025-05-20 17:21:00] [INFO]: Login  href Assertion started
[2025-05-20 17:21:00] [INFO]: Login  href ended Assertion ended
[2025-05-20 17:21:00] [INFO]: Login  href is clicked
[2025-05-20 17:21:00] [INFO]: Login Username Assertion started
[2025-05-20 17:21:01] [INFO]: Login Username Assertion ended
[2025-05-20 17:21:01] [INFO]: Login pasword Assertion started
[2025-05-20 17:21:01] [INFO]: Login password Assertion ended
[2025-05-20 17:21:01] [INFO]: Login btn Assertion started
[2025-05-20 17:21:01] [INFO]: Login btn Assertion ended
[2025-05-20 17:21:01] [INFO]: Login page Asertion Ended
[2025-05-20 17:29:57] [INFO]: LoginPage Testing started
[2025-05-20 17:30:00] [INFO]: Url assertion passed succesfully
[2025-05-20 17:30:01] [INFO]: Login page Testing Ended
[2025-05-20 17:30:01] [INFO]: Products Testing started
[2025-05-20 17:30:03] [INFO]: Add to cart button Successfuly clicked
[2025-05-20 17:30:06] [INFO]: Products Testing Ended
[2025-05-20 17:30:06] [INFO]: Checkout Testing started
[2025-05-20 17:30:16] [INFO]: Checkout Testing started
[2025-05-20 17:30:16] [INFO]: Test for Validations of login page started
[2025-05-20 17:30:19] [INFO]: Url assertion passed succesfully
[2025-05-20 17:30:19] [INFO]: Login  href Assertion started
[2025-05-20 17:30:19] [INFO]: Login  href ended Assertion ended
[2025-05-20 17:30:19] [INFO]: Login  href is clicked
[2025-05-20 17:30:19] [INFO]: Login Username Assertion started
[2025-05-20 17:30:19] [INFO]: Login Username Assertion ended
[2025-05-20 17:30:19] [INFO]: Login pasword Assertion started
[2025-05-20 17:30:19] [INFO]: Login password Assertion ended
[2025-05-20 17:30:19] [INFO]: Login btn Assertion started
[2025-05-20 17:30:19] [INFO]: Login btn Assertion ended
[2025-05-20 17:30:19] [INFO]: Login page Asertion Ended
[2025-05-20 17:35:14] [INFO]: LoginPage Testing started
[2025-05-20 17:35:17] [INFO]: Url assertion passed succesfully
[2025-05-20 17:35:18] [INFO]: Login page Testing Ended
[2025-05-20 17:35:18] [INFO]: Products Testing started
[2025-05-20 17:35:20] [INFO]: Add to cart button Successfuly clicked
[2025-05-20 17:35:24] [INFO]: Products Testing Ended
[2025-05-20 17:35:24] [INFO]: Checkout Testing started
[2025-05-20 17:35:33] [INFO]: Checkout Testing started
[2025-05-20 17:35:33] [INFO]: Test for Validations of login page started
[2025-05-20 17:35:36] [INFO]: Url assertion passed succesfully
[2025-05-20 17:35:36] [INFO]: Login  href Assertion started
[2025-05-20 17:35:36] [INFO]: Login  href ended Assertion ended
[2025-05-20 17:35:36] [INFO]: Login  href is clicked
[2025-05-20 17:35:36] [INFO]: Login Username Assertion started
[2025-05-20 17:35:36] [INFO]: Login Username Assertion ended
[2025-05-20 17:35:36] [INFO]: Login pasword Assertion started
[2025-05-20 17:35:36] [INFO]: Login password Assertion ended
[2025-05-20 17:35:36] [INFO]: Login btn Assertion started
[2025-05-20 17:35:37] [INFO]: Login btn Assertion ended
[2025-05-20 17:35:37] [INFO]: Login page Asertion Ended
[2025-05-20 17:37:17] [INFO]: LoginPage Testing started
[2025-05-20 17:37:19] [INFO]: Url assertion passed succesfully
[2025-05-20 17:37:20] [INFO]: Login page Testing Ended
[2025-05-20 17:37:20] [INFO]: Products Testing started
[2025-05-20 17:37:24] [INFO]: Add to cart button Successfuly clicked
[2025-05-20 17:37:27] [INFO]: Products Testing Ended
[2025-05-20 17:37:27] [INFO]: Checkout Testing started
[2025-05-20 17:37:37] [INFO]: Checkout Testing started
[2025-05-20 17:37:38] [INFO]: Test for Validations of login page started
[2025-05-20 17:37:41] [INFO]: Url assertion passed succesfully
[2025-05-20 17:37:41] [INFO]: Login  href Assertion started
[2025-05-20 17:37:41] [INFO]: Login  href ended Assertion ended
[2025-05-20 17:37:42] [INFO]: Login  href is clicked
[2025-05-20 17:37:42] [INFO]: Login Username Assertion started
[2025-05-20 17:37:42] [INFO]: Login Username Assertion ended
[2025-05-20 17:37:42] [INFO]: Login pasword Assertion started
[2025-05-20 17:37:42] [INFO]: Login password Assertion ended
[2025-05-20 17:37:42] [INFO]: Login btn Assertion started
[2025-05-20 17:37:42] [INFO]: Login btn Assertion ended
[2025-05-20 17:37:42] [INFO]: Login page Asertion Ended
[2025-05-20 17:38:51] [INFO]: LoginPage Testing started
[2025-05-20 17:38:53] [INFO]: Url assertion passed succesfully
[2025-05-20 17:38:55] [INFO]: Login page Testing Ended
[2025-05-20 17:38:55] [INFO]: Products Testing started
[2025-05-20 17:38:56] [INFO]: Add to cart button Successfuly clicked
[2025-05-20 17:39:00] [INFO]: Products Testing Ended
[2025-05-20 17:39:00] [INFO]: Checkout Testing started
[2025-05-20 17:39:08] [INFO]: Checkout Testing started
[2025-05-20 17:39:09] [INFO]: Test for Validations of login page started
[2025-05-20 17:39:11] [INFO]: Url assertion passed succesfully
[2025-05-20 17:39:11] [INFO]: Login  href Assertion started
[2025-05-20 17:39:11] [INFO]: Login  href ended Assertion ended
[2025-05-20 17:39:12] [INFO]: Login  href is clicked
[2025-05-20 17:39:12] [INFO]: Login Username Assertion started
[2025-05-20 17:39:12] [INFO]: Login Username Assertion ended
[2025-05-20 17:39:12] [INFO]: Login pasword Assertion started
[2025-05-20 17:39:12] [INFO]: Login password Assertion ended
[2025-05-20 17:39:12] [INFO]: Login btn Assertion started
[2025-05-20 17:39:12] [INFO]: Login btn Assertion ended
[2025-05-20 17:39:12] [INFO]: Login page Asertion Ended
[2025-05-20 17:53:32] [INFO]: LoginPage Testing started
[2025-05-20 17:53:35] [INFO]: Url assertion passed succesfully
[2025-05-20 17:53:36] [INFO]: Login page Testing Ended
[2025-05-20 17:53:36] [INFO]: Products Testing started
[2025-05-20 17:53:39] [INFO]: Add to cart button Successfuly clicked
[2025-05-20 17:53:43] [INFO]: Products Testing Ended
[2025-05-20 17:53:43] [INFO]: Checkout Testing started
[2025-05-20 17:53:47] [INFO]: LoginPage Testing started
[2025-05-20 17:53:50] [INFO]: Url assertion passed succesfully
[2025-05-20 17:53:54] [INFO]: Checkout Testing started
[2025-05-20 17:53:54] [INFO]: Test for Validations of login page started
[2025-05-20 17:53:57] [INFO]: Url assertion passed succesfully
[2025-05-20 17:53:57] [INFO]: Login  href Assertion started
[2025-05-20 17:53:57] [INFO]: Login  href ended Assertion ended
[2025-05-20 17:53:58] [INFO]: Login  href is clicked
[2025-05-20 17:53:58] [INFO]: Login Username Assertion started
[2025-05-20 17:53:58] [INFO]: Login Username Assertion ended
[2025-05-20 17:53:58] [INFO]: Login pasword Assertion started
[2025-05-20 17:53:58] [INFO]: Login password Assertion ended
[2025-05-20 17:53:58] [INFO]: Login btn Assertion started
[2025-05-20 17:53:58] [INFO]: Login btn Assertion ended
[2025-05-20 17:53:58] [INFO]: Login page Asertion Ended
[2025-05-20 17:54:07] [INFO]: LoginPage Testing started
[2025-05-20 17:54:11] [INFO]: Url assertion passed succesfully
[2025-05-20 17:54:14] [INFO]: Login page Testing Ended
[2025-05-20 17:54:14] [INFO]: Products Testing started
[2025-05-20 17:54:21] [INFO]: Test for Validations of login page started
[2025-05-20 17:54:24] [INFO]: Url assertion passed succesfully
[2025-05-20 17:54:24] [INFO]: Login  href Assertion started
[2025-05-20 17:54:24] [INFO]: Login  href ended Assertion ended
[2025-05-20 17:54:40] [INFO]: Test for Validations of login page started
[2025-05-20 17:54:44] [INFO]: Url assertion passed succesfully
[2025-05-20 17:54:44] [INFO]: Login  href Assertion started
[2025-05-20 17:54:44] [INFO]: Login  href ended Assertion ended
[2025-05-20 17:54:45] [INFO]: Login  href is clicked
[2025-05-20 17:54:45] [INFO]: Login Username Assertion started
[2025-05-20 17:54:45] [INFO]: Login Username Assertion ended
[2025-05-20 17:54:45] [INFO]: Login pasword Assertion started
[2025-05-20 17:54:45] [INFO]: Login password Assertion ended
[2025-05-20 17:54:45] [INFO]: Login btn Assertion started
[2025-05-20 17:54:45] [INFO]: Login btn Assertion ended
[2025-05-20 17:54:45] [INFO]: Login page Asertion Ended
[2025-05-20 17:54:48] [ERROR]: Login Page Assertion FailedError: locator.click: Test timeout of 30000ms exceeded.
Call log:
[2m  - waiting for locator('[href=\'/login\']')[22m
[2m    - locator resolved to <a href="/login" class="ico-login">Log in</a>[22m
[2m  - attempting click action[22m
[2m    - waiting for element to be visible, enabled and stable[22m
[2m    - element is visible, enabled and stable[22m
[2m    - scrolling into view if needed[22m
[2m    - done scrolling[22m
[2m    - performing click action[22m

[2025-05-20 18:00:22] [INFO]: LoginPage Testing started
[2025-05-20 18:00:25] [INFO]: Url assertion passed succesfully
[2025-05-20 18:00:26] [INFO]: Login page Testing Ended
[2025-05-20 18:00:26] [INFO]: Products Testing started
[2025-05-20 18:00:28] [INFO]: Add to cart button Successfuly clicked
[2025-05-20 18:00:32] [INFO]: Products Testing Ended
[2025-05-20 18:00:32] [INFO]: Checkout Testing started
[2025-05-20 18:00:41] [INFO]: Checkout Testing started
[2025-05-20 18:00:41] [INFO]: Test for Validations of login page started
[2025-05-20 18:00:44] [INFO]: Url assertion passed succesfully
[2025-05-20 18:00:44] [INFO]: Login  href Assertion started
[2025-05-20 18:00:44] [INFO]: Login  href ended Assertion ended
[2025-05-20 18:00:44] [INFO]: Login  href is clicked
[2025-05-20 18:00:44] [INFO]: Login Username Assertion started
[2025-05-20 18:00:44] [INFO]: Login Username Assertion ended
[2025-05-20 18:00:44] [INFO]: Login pasword Assertion started
[2025-05-20 18:00:45] [INFO]: Login password Assertion ended
[2025-05-20 18:00:45] [INFO]: Login btn Assertion started
[2025-05-20 18:00:45] [INFO]: Login btn Assertion ended
[2025-05-20 18:00:45] [INFO]: Login page Asertion Ended
[2025-05-20 18:26:54] [INFO]: LoginPage Testing started
[2025-05-20 18:26:56] [INFO]: Url assertion passed succesfully
[2025-05-20 18:26:58] [INFO]: Login page Testing Ended
[2025-05-20 18:26:58] [INFO]: Products Testing started
[2025-05-20 18:27:02] [INFO]: Add to cart button Successfuly clicked
[2025-05-20 18:27:10] [INFO]: Products Testing Ended
[2025-05-20 18:27:10] [INFO]: Checkout Testing started
[2025-05-20 18:27:32] [INFO]: Test for Validations of login page started
[2025-05-20 18:27:34] [INFO]: Url assertion passed succesfully
[2025-05-20 18:27:34] [INFO]: Login  href Assertion started
[2025-05-20 18:27:34] [INFO]: Login  href ended Assertion ended
[2025-05-20 18:27:35] [INFO]: Login  href is clicked
[2025-05-20 18:27:35] [INFO]: Login Username Assertion started
[2025-05-20 18:27:35] [INFO]: Login Username Assertion ended
[2025-05-20 18:27:35] [INFO]: Login pasword Assertion started
[2025-05-20 18:27:35] [INFO]: Login password Assertion ended
[2025-05-20 18:27:35] [INFO]: Login btn Assertion started
[2025-05-20 18:27:35] [INFO]: Login btn Assertion ended
[2025-05-20 18:27:35] [INFO]: Login page Asertion Ended
[2025-05-20 18:28:27] [INFO]: LoginPage Testing started
[2025-05-20 18:28:30] [INFO]: Url assertion passed succesfully
[2025-05-20 18:28:31] [INFO]: Login page Testing Ended
[2025-05-20 18:28:31] [INFO]: Products Testing started
[2025-05-20 18:28:34] [INFO]: Add to cart button Successfuly clicked
[2025-05-20 18:28:37] [INFO]: Products Testing Ended
[2025-05-20 18:28:37] [INFO]: Checkout Testing started
[2025-05-20 18:28:48] [INFO]: Checkout Testing started
[2025-05-20 18:28:49] [INFO]: Test for Validations of login page started
[2025-05-20 18:28:51] [INFO]: Url assertion passed succesfully
[2025-05-20 18:28:51] [INFO]: Login  href Assertion started
[2025-05-20 18:28:51] [INFO]: Login  href ended Assertion ended
[2025-05-20 18:28:51] [INFO]: Login  href is clicked
[2025-05-20 18:28:51] [INFO]: Login Username Assertion started
[2025-05-20 18:28:52] [INFO]: Login Username Assertion ended
[2025-05-20 18:28:52] [INFO]: Login pasword Assertion started
[2025-05-20 18:28:52] [INFO]: Login password Assertion ended
[2025-05-20 18:28:52] [INFO]: Login btn Assertion started
[2025-05-20 18:28:52] [INFO]: Login btn Assertion ended
[2025-05-20 18:28:52] [INFO]: Login page Asertion Ended
[2025-05-20 18:37:05] [INFO]: LoginPage Testing started
[2025-05-20 18:37:08] [INFO]: Url assertion passed succesfully
[2025-05-20 18:37:09] [INFO]: Login page Testing Ended
[2025-05-20 18:37:09] [INFO]: Products Testing started
[2025-05-20 18:37:12] [INFO]: Add to cart button Successfuly clicked
[2025-05-20 18:37:15] [INFO]: Products Testing Ended
[2025-05-20 18:37:15] [INFO]: Checkout Testing started
[2025-05-20 18:37:25] [INFO]: Checkout Testing started
[2025-05-20 18:37:26] [INFO]: Test for Validations of login page started
[2025-05-20 18:37:28] [INFO]: Url assertion passed succesfully
[2025-05-20 18:37:28] [INFO]: Login  href Assertion started
[2025-05-20 18:37:28] [INFO]: Login  href ended Assertion ended
[2025-05-20 18:37:29] [INFO]: Login  href is clicked
[2025-05-20 18:37:29] [INFO]: Login Username Assertion started
[2025-05-20 18:37:29] [INFO]: Login Username Assertion ended
[2025-05-20 18:37:29] [INFO]: Login pasword Assertion started
[2025-05-20 18:37:29] [INFO]: Login password Assertion ended
[2025-05-20 18:37:29] [INFO]: Login btn Assertion started
[2025-05-20 18:37:29] [INFO]: Login btn Assertion ended
[2025-05-20 18:37:29] [INFO]: Login page Asertion Ended
[2025-05-20 18:39:41] [INFO]: LoginPage Testing started
[2025-05-20 18:39:44] [INFO]: Url assertion passed succesfully
[2025-05-20 18:39:45] [INFO]: Login page Testing Ended
[2025-05-20 18:39:45] [INFO]: Products Testing started
[2025-05-20 18:39:47] [INFO]: Add to cart button Successfuly clicked
[2025-05-20 18:39:50] [INFO]: Products Testing Ended
[2025-05-20 18:39:50] [INFO]: Checkout Testing started
[2025-05-20 18:40:08] [INFO]: Checkout Testing started
[2025-05-20 18:40:13] [INFO]: Test for Validations of login page started
[2025-05-20 18:40:17] [INFO]: Url assertion passed succesfully
[2025-05-20 18:40:17] [INFO]: Login  href Assertion started
[2025-05-20 18:40:17] [INFO]: Login  href ended Assertion ended
[2025-05-20 18:40:17] [INFO]: Login  href is clicked
[2025-05-20 18:40:17] [INFO]: Login Username Assertion started
[2025-05-20 18:40:17] [INFO]: Login Username Assertion ended
[2025-05-20 18:40:17] [INFO]: Login pasword Assertion started
[2025-05-20 18:40:17] [INFO]: Login password Assertion ended
[2025-05-20 18:40:17] [INFO]: Login btn Assertion started
[2025-05-20 18:40:17] [INFO]: Login btn Assertion ended
[2025-05-20 18:40:17] [INFO]: Login page Asertion Ended
[2025-05-20 20:49:33] [INFO]: LoginPage Testing started
[2025-05-20 20:49:38] [INFO]: Test for Validations of login page started
[2025-05-20 20:49:40] [INFO]: Url assertion passed succesfully
[2025-05-20 20:49:40] [INFO]: Login  href Assertion started
[2025-05-20 20:49:40] [INFO]: Login  href ended Assertion ended
[2025-05-20 20:49:41] [INFO]: Login  href is clicked
[2025-05-20 20:49:41] [INFO]: Login Username Assertion started
[2025-05-20 20:49:41] [INFO]: Login Username Assertion ended
[2025-05-20 20:49:41] [INFO]: Login pasword Assertion started
[2025-05-20 20:49:41] [INFO]: Login password Assertion ended
[2025-05-20 20:49:41] [INFO]: Login btn Assertion started
[2025-05-20 20:49:41] [INFO]: Login btn Assertion ended
[2025-05-20 20:49:41] [INFO]: Login page Asertion Ended
[2025-05-20 20:52:02] [INFO]: LoginPage Testing started
[2025-05-20 20:52:05] [INFO]: Url assertion passed succesfully
[2025-05-20 20:52:06] [INFO]: Login page Testing Ended
[2025-05-20 20:52:06] [INFO]: Products Testing started
[2025-05-20 20:52:08] [INFO]: Add to cart button Successfuly clicked
[2025-05-20 20:52:11] [INFO]: Products Testing Ended
[2025-05-20 20:52:11] [INFO]: Checkout Testing started
[2025-05-20 20:52:22] [INFO]: Checkout Testing started
[2025-05-20 20:52:22] [INFO]: Test for Validations of login page started
[2025-05-20 20:52:25] [INFO]: Url assertion passed succesfully
[2025-05-20 20:52:25] [INFO]: Login  href Assertion started
[2025-05-20 20:52:25] [INFO]: Login  href ended Assertion ended
[2025-05-20 20:52:26] [INFO]: Login  href is clicked
[2025-05-20 20:52:26] [INFO]: Login Username Assertion started
[2025-05-20 20:52:26] [INFO]: Login Username Assertion ended
[2025-05-20 20:52:26] [INFO]: Login pasword Assertion started
[2025-05-20 20:52:26] [INFO]: Login password Assertion ended
[2025-05-20 20:52:26] [INFO]: Login btn Assertion started
[2025-05-20 20:52:26] [INFO]: Login btn Assertion ended
[2025-05-20 20:52:26] [INFO]: Login page Asertion Ended
[2025-05-20 20:54:05] [INFO]: Test for Validations of login page started
[2025-05-20 20:54:05] [INFO]: LoginPage Testing started
[2025-05-20 20:54:09] [INFO]: Url assertion passed succesfully
[2025-05-20 20:54:09] [INFO]: Login  href Assertion started
[2025-05-20 20:54:10] [INFO]: Login  href ended Assertion ended
[2025-05-20 20:54:10] [INFO]: Url assertion passed succesfully
[2025-05-20 20:54:10] [INFO]: Login  href is clicked
[2025-05-20 20:54:10] [INFO]: Login Username Assertion started
[2025-05-20 20:54:10] [INFO]: Login Username Assertion ended
[2025-05-20 20:54:10] [INFO]: Login pasword Assertion started
[2025-05-20 20:54:11] [INFO]: Login password Assertion ended
[2025-05-20 20:54:11] [INFO]: Login btn Assertion started
[2025-05-20 20:54:11] [INFO]: Login btn Assertion ended
[2025-05-20 20:54:11] [INFO]: Login page Asertion Ended
[2025-05-20 20:54:12] [INFO]: Login page Testing Ended
[2025-05-20 20:54:12] [INFO]: Products Testing started
[2025-05-20 20:54:14] [INFO]: Add to cart button Successfuly clicked
[2025-05-20 20:54:18] [INFO]: Products Testing Ended
[2025-05-20 20:54:18] [INFO]: Checkout Testing started
[2025-05-20 20:54:27] [INFO]: Checkout Testing started
[2025-05-20 20:55:12] [INFO]: LoginPage Testing started
[2025-05-20 20:55:12] [INFO]: Test for Validations of login page started
[2025-05-20 20:55:15] [INFO]: Url assertion passed succesfully
[2025-05-20 20:55:15] [INFO]: Login  href Assertion started
[2025-05-20 20:55:15] [INFO]: Login  href ended Assertion ended
[2025-05-20 20:55:15] [INFO]: Url assertion passed succesfully
[2025-05-20 20:55:16] [INFO]: Login  href is clicked
[2025-05-20 20:55:16] [INFO]: Login Username Assertion started
[2025-05-20 20:55:16] [INFO]: Login Username Assertion ended
[2025-05-20 20:55:16] [INFO]: Login pasword Assertion started
[2025-05-20 20:55:16] [INFO]: Login password Assertion ended
[2025-05-20 20:55:16] [INFO]: Login btn Assertion started
[2025-05-20 20:55:16] [INFO]: Login btn Assertion ended
[2025-05-20 20:55:16] [INFO]: Login page Asertion Ended
[2025-05-20 20:55:18] [INFO]: Login page Testing Ended
[2025-05-20 20:55:18] [INFO]: Products Testing started
[2025-05-20 20:55:19] [INFO]: Add to cart button Successfuly clicked
[2025-05-20 20:55:23] [INFO]: Products Testing Ended
[2025-05-20 20:55:23] [INFO]: Checkout Testing started
[2025-05-20 20:55:32] [INFO]: Checkout Testing started
[2025-05-20 20:56:37] [INFO]: Test for Validations of login page started
[2025-05-20 20:56:38] [INFO]: LoginPage Testing started
[2025-05-20 20:56:41] [INFO]: Url assertion passed succesfully
[2025-05-20 20:56:42] [INFO]: Login page Testing Ended
[2025-05-20 20:56:42] [INFO]: Products Testing started
[2025-05-20 20:56:44] [INFO]: Add to cart button Successfuly clicked
[2025-05-20 20:56:47] [INFO]: Products Testing Ended
[2025-05-20 20:56:47] [INFO]: Checkout Testing started
[2025-05-20 20:57:04] [INFO]: Checkout Testing started
[2025-05-20 20:57:30] [INFO]: Test for Validations of login page started
[2025-05-20 20:57:31] [INFO]: LoginPage Testing started
[2025-05-20 20:58:31] [INFO]: LoginPage Testing started
[2025-05-20 20:58:34] [INFO]: Url assertion passed succesfully
[2025-05-20 20:58:35] [INFO]: Login page Testing Ended
[2025-05-20 20:58:35] [INFO]: Products Testing started
[2025-05-20 20:58:37] [INFO]: Add to cart button Successfuly clicked
[2025-05-20 20:58:41] [INFO]: Products Testing Ended
[2025-05-20 20:58:41] [INFO]: Checkout Testing started
[2025-05-20 20:58:54] [INFO]: Checkout Testing started
[2025-05-20 20:58:54] [INFO]: Test for Validations of login page started
[2025-05-20 20:58:55] [INFO]: Url assertion passed succesfully
[2025-05-20 20:58:55] [INFO]: Login  href Assertion started
[2025-05-20 20:59:00] [ERROR]: Login Page Assertion FailedError: [31mTimed out 5000ms waiting for [39m[2mexpect([22m[31mlocator[39m[2m).[22mtoBeVisible[2m()[22m

Locator: locator('[href=\'/login\']')
Expected: visible
Received: <element(s) not found>
Call log:
[2m  - expect.toBeVisible with timeout 5000ms[22m
[2m  - waiting for locator('[href=\'/login\']')[22m

[2025-05-20 21:23:38] [INFO]: Assertions on Checkout Address Page started
[2025-05-20 21:23:38] [INFO]: Assertions on Checkout Address Page ended
[2025-05-20 21:23:43] [INFO]: Assertions on Checkout Address Page started
[2025-05-20 21:23:43] [INFO]: Assertions on Checkout Address Page ended
[2025-05-20 21:24:00] [INFO]: Assertions on Checkout Address Page started
[2025-05-20 21:24:00] [INFO]: Assertions on Checkout Address Page ended
[2025-05-20 21:24:05] [INFO]: Assertions on Checkout Address Page started
[2025-05-20 21:24:05] [INFO]: Assertions on Checkout Address Page ended
[2025-05-20 21:24:09] [INFO]: Assertions on Checkout Address Page started
[2025-05-20 21:24:09] [INFO]: Assertions on Checkout Address Page ended
[2025-05-20 21:24:13] [INFO]: Assertions on Checkout Address Page started
[2025-05-20 21:24:13] [INFO]: Assertions on Checkout Address Page ended
[2025-05-20 21:24:19] [INFO]: Assertions on Checkout Address Page started
[2025-05-20 21:24:19] [INFO]: Assertions on Checkout Address Page ended
[2025-05-20 21:24:25] [INFO]: Assertions on Checkout Address Page started
[2025-05-20 21:24:25] [INFO]: Assertions on Checkout Address Page ended
[2025-05-20 21:28:04] [INFO]: LoginPage Testing started
[2025-05-20 21:28:08] [INFO]: Test for Validations of login page started
[2025-05-20 21:28:10] [INFO]: Assertions on Checkout Address Page started
[2025-05-20 21:28:10] [ERROR]: Assertions on Checkout Address Page FailedCannot read properties of undefined (reading 'locator')
[2025-05-20 21:30:45] [INFO]: LoginPage Testing started
[2025-05-20 21:30:49] [INFO]: Url assertion passed succesfully
[2025-05-20 21:30:51] [INFO]: Login page Testing Ended
[2025-05-20 21:30:51] [INFO]: Products Testing started
[2025-05-20 21:30:52] [INFO]: Add to cart button Successfuly clicked
[2025-05-20 21:30:56] [INFO]: Products Testing Ended
[2025-05-20 21:30:56] [INFO]: Checkout Testing started
[2025-05-20 21:31:04] [INFO]: Checkout Testing started
[2025-05-20 21:31:05] [INFO]: Test for Validations of login page started
[2025-05-20 21:31:07] [INFO]: Url assertion passed succesfully
[2025-05-20 21:31:07] [INFO]: Login  href Assertion started
[2025-05-20 21:31:08] [INFO]: Login  href ended Assertion ended
[2025-05-20 21:31:08] [INFO]: Login  href is clicked
[2025-05-20 21:31:08] [INFO]: Login Username Assertion started
[2025-05-20 21:31:08] [INFO]: Login Username Assertion ended
[2025-05-20 21:31:08] [INFO]: Login pasword Assertion started
[2025-05-20 21:31:08] [INFO]: Login password Assertion ended
[2025-05-20 21:31:08] [INFO]: Login btn Assertion started
[2025-05-20 21:31:08] [INFO]: Login btn Assertion ended
[2025-05-20 21:31:08] [INFO]: Login page Asertion Ended
[2025-05-20 21:31:09] [INFO]: Assertions on Checkout Address Page started
[2025-05-20 21:31:11] [ERROR]: Assertions on Checkout Address Page Failed[2mexpect([22m[31mlocator[39m[2m).[22mtoBeVisible[2m()[22m

Locator: locator('[name=\'BillingNewAddress.Company\']')
Expected: visible
Received: <element(s) not found>
Call log:
[2m  - expect.toBeVisible with timeout 5000ms[22m
[2m  - waiting for locator('[name=\'BillingNewAddress.Company\']')[22m
[2m    - waiting for" https://demowebshop.tricentis.com/cart" navigation to finish...[22m
[2m    - navigated to "https://demowebshop.tricentis.com/cart"[22m

[2025-05-20 21:32:53] [INFO]: Assertions on Checkout Address Page started
[2025-05-20 21:32:58] [ERROR]: Assertions on Checkout Address Page Failed[31mTimed out 5000ms waiting for [39m[2mexpect([22m[31mlocator[39m[2m).[22mtoBeVisible[2m()[22m

Locator: locator('[name=\'BillingNewAddress.Company\']')
Expected: visible
Received: <element(s) not found>
Call log:
[2m  - expect.toBeVisible with timeout 5000ms[22m
[2m  - waiting for locator('[name=\'BillingNewAddress.Company\']')[22m

[2025-05-20 21:33:09] [INFO]: Assertions on Checkout Address Page started
[2025-05-20 21:33:14] [ERROR]: Assertions on Checkout Address Page Failed[31mTimed out 5000ms waiting for [39m[2mexpect([22m[31mlocator[39m[2m).[22mtoBeVisible[2m()[22m

Locator: locator('[name=\'BillingNewAddress.Company\']')
Expected: visible
Received: <element(s) not found>
Call log:
[2m  - expect.toBeVisible with timeout 5000ms[22m
[2m  - waiting for locator('[name=\'BillingNewAddress.Company\']')[22m

[2025-05-20 21:35:54] [INFO]: Assertions on Checkout Address Page started
[2025-05-20 21:35:59] [ERROR]: Assertions on Checkout Address Page Failed[31mTimed out 5000ms waiting for [39m[2mexpect([22m[31mlocator[39m[2m).[22mtoBeVisible[2m()[22m

Locator: locator('[name=\'BillingNewAddress.Company\']')
Expected: visible
Received: <element(s) not found>
Call log:
[2m  - expect.toBeVisible with timeout 5000ms[22m
[2m  - waiting for locator('[name=\'BillingNewAddress.Company\']')[22m

[2025-05-20 21:36:08] [INFO]: Assertions on Checkout Address Page started
[2025-05-20 21:36:11] [ERROR]: Assertions on Checkout Address Page Failed[2mexpect([22m[31mlocator[39m[2m).[22mtoBeVisible[2m()[22m

Locator: locator('[name=\'BillingNewAddress.Company\']')
Expected: visible
Received: <element(s) not found>
Call log:
[2m  - expect.toBeVisible with timeout 5000ms[22m
[2m  - waiting for locator('[name=\'BillingNewAddress.Company\']')[22m

[2025-05-20 21:39:09] [INFO]: Assertions on Checkout Address Page started
[2025-05-20 21:39:14] [ERROR]: Assertions on Checkout Address Page Failed[31mTimed out 5000ms waiting for [39m[2mexpect([22m[31mlocator[39m[2m).[22mtoBeVisible[2m()[22m

Locator: locator('[name=\'BillingNewAddress.Company\']')
Expected: visible
Received: <element(s) not found>
Call log:
[2m  - expect.toBeVisible with timeout 5000ms[22m
[2m  - waiting for locator('[name=\'BillingNewAddress.Company\']')[22m

[2025-05-20 21:51:36] [INFO]: LoginPage Testing started
[2025-05-20 21:51:39] [INFO]: Url assertion passed succesfully
[2025-05-20 21:51:41] [INFO]: Login page Testing Ended
[2025-05-20 21:51:41] [INFO]: Products Testing started
[2025-05-20 21:51:44] [INFO]: Add to cart button Successfuly clicked
[2025-05-20 21:51:47] [INFO]: Products Testing Ended
[2025-05-20 21:51:47] [INFO]: Checkout Testing started
[2025-05-20 21:51:56] [INFO]: Checkout Testing started
[2025-05-20 21:51:58] [INFO]: Assertions on Checkout Address Page started
[2025-05-20 21:52:03] [ERROR]: Assertions on Checkout Address Page Failed[31mTimed out 5000ms waiting for [39m[2mexpect([22m[31mlocator[39m[2m).[22mtoBeVisible[2m()[22m

Locator: locator('[name=\'BillingNewAddress.Company\']')
Expected: visible
Received: <element(s) not found>
Call log:
[2m  - expect.toBeVisible with timeout 5000ms[22m
[2m  - waiting for locator('[name=\'BillingNewAddress.Company\']')[22m

[2025-05-20 22:01:05] [INFO]: LoginPage Testing started
[2025-05-20 22:01:08] [INFO]: Url assertion passed succesfully
[2025-05-20 22:01:09] [INFO]: Products Testing started
[2025-05-20 22:01:11] [INFO]: Add to cart button Successfuly clicked
[2025-05-20 22:01:14] [INFO]: Products Testing Ended
[2025-05-20 22:01:14] [INFO]: Checkout Testing started
[2025-05-20 22:01:23] [INFO]: Checkout Testing started
[2025-05-20 22:01:24] [INFO]: LoginPage Testing started
[2025-05-20 22:01:27] [INFO]: Url assertion passed succesfully
[2025-05-20 22:01:28] [INFO]: Test for Validations of login page started
[2025-05-20 22:01:28] [INFO]: Url assertion passed succesfully
[2025-05-20 22:01:28] [INFO]: Login  href Assertion started
[2025-05-20 22:01:33] [ERROR]: Login Page Assertion FailedError: [31mTimed out 5000ms waiting for [39m[2mexpect([22m[31mlocator[39m[2m).[22mtoBeVisible[2m()[22m

Locator: locator('[href=\'/login\']')
Expected: visible
Received: <element(s) not found>
Call log:
[2m  - expect.toBeVisible with timeout 5000ms[22m
[2m  - waiting for locator('[href=\'/login\']')[22m

[2025-05-20 22:01:34] [INFO]: LoginPage Testing started
[2025-05-20 22:01:36] [INFO]: Url assertion passed succesfully
[2025-05-20 22:01:38] [INFO]: Products Testing started
[2025-05-20 22:01:39] [INFO]: Add to cart button Successfuly clicked
[2025-05-20 22:01:42] [INFO]: Products Testing Ended
[2025-05-20 22:01:42] [INFO]: Checkout Testing started
[2025-05-20 22:01:43] [INFO]: Assertions on Checkout Address Page started
[2025-05-20 22:01:49] [ERROR]: Assertions on Checkout Address Page Failed[31mTimed out 5000ms waiting for [39m[2mexpect([22m[31mlocator[39m[2m).[22mtoBeVisible[2m()[22m

Locator: locator('[name=\'BillingNewAddress.Company\']')
Expected: visible
Received: <element(s) not found>
Call log:
[2m  - expect.toBeVisible with timeout 5000ms[22m
[2m  - waiting for locator('[name=\'BillingNewAddress.Company\']')[22m

[2025-05-20 22:03:07] [INFO]: LoginPage Testing started
[2025-05-20 22:03:10] [INFO]: Url assertion passed succesfully
[2025-05-20 22:03:30] [INFO]: LoginPage Testing started
[2025-05-20 22:03:32] [INFO]: Url assertion passed succesfully
[2025-05-20 22:03:34] [INFO]: Products Testing started
[2025-05-20 22:03:35] [INFO]: Add to cart button Successfuly clicked
[2025-05-20 22:03:38] [INFO]: Products Testing Ended
[2025-05-20 22:03:38] [INFO]: Checkout Testing started
[2025-05-20 22:03:38] [INFO]: Assertions on Checkout Address Page started
[2025-05-20 22:03:43] [ERROR]: Assertions on Checkout Address Page Failed[31mTimed out 5000ms waiting for [39m[2mexpect([22m[31mlocator[39m[2m).[22mtoBeVisible[2m()[22m

Locator: locator('[name=\'BillingNewAddress.Company\']')
Expected: visible
Received: hidden
Call log:
[2m  - expect.toBeVisible with timeout 5000ms[22m
[2m  - waiting for locator('[name=\'BillingNewAddress.Company\']')[22m
[2m    6 Ã— locator resolved to <input value="" type="text" class="text-box single-line" id="BillingNewAddress_Company" name="BillingNewAddress.Company"/>[22m
[2m      - unexpected value "hidden"[22m

[2025-05-20 22:06:52] [INFO]: LoginPage Testing started
[2025-05-20 22:06:55] [INFO]: Url assertion passed succesfully
[2025-05-20 22:06:56] [INFO]: Products Testing started
[2025-05-20 22:06:57] [INFO]: Add to cart button Successfuly clicked
[2025-05-20 22:07:00] [INFO]: Products Testing Ended
[2025-05-20 22:07:00] [INFO]: Checkout Testing started
[2025-05-20 22:07:01] [INFO]: Assertions on Checkout Address Page started
[2025-05-20 22:07:01] [ERROR]: Assertions on Checkout Address Page Failedexpect.toBeVisible: Error: strict mode violation: locator('[value=\'Continue\']') resolved to 5 elements:
    1) <input type="button" title="Continue" value="Continue" onclick="Billing.save()" class="button-1 new-address-next-step-button"/> aka getByRole('button', { name: 'Continue' })
    2) <input type="button" title="Continue" value="Continue" onclick="Shipping.save()" class="button-1 new-address-next-step-button"/> aka locator('#shipping-buttons-container').getByText('Continue')
    3) <input type="button" value="Continue" onclick="ShippingMethod.save()" class="button-1 shipping-method-next-step-button"/> aka locator('#shipping-method-buttons-container').getByText('Continue')
    4) <input type="button" value="Continue" onclick="PaymentMethod.save()" class="button-1 payment-method-next-step-button"/> aka locator('#payment-method-buttons-container').getByText('Continue')
    5) <input type="button" value="Continue" onclick="PaymentInfo.save()" class="button-1 payment-info-next-step-button"/> aka locator('#payment-info-buttons-container').getByText('Continue')

Call log:
[2m  - expect.toBeVisible with timeout 5000ms[22m
[2m  - waiting for locator('[value=\'Continue\']')[22m

[2025-05-20 22:08:04] [INFO]: LoginPage Testing started
[2025-05-20 22:08:07] [INFO]: Url assertion passed succesfully
[2025-05-20 22:08:08] [INFO]: Products Testing started
[2025-05-20 22:08:09] [INFO]: Add to cart button Successfuly clicked
[2025-05-20 22:08:13] [INFO]: Products Testing Ended
[2025-05-20 22:08:13] [INFO]: Checkout Testing started
[2025-05-20 22:08:13] [INFO]: Assertions on Checkout Address Page started
[2025-05-20 22:08:13] [INFO]: Assertions on Checkout Address Page ended
