<testsuites id="" name="" tests="1" failures="0" skipped="0" errors="0" time="23.096467000000178">
<testsuite name="Test.spec.js" timestamp="2025-06-01T06:40:14.269Z" hostname="chromium" tests="1" failures="0" skipped="0" time="17.766" errors="0">
<testcase name="EndToEnd User Flow &amp; Common Assertions" classname="Test.spec.js" time="17.766">
<system-out>
<![CDATA[[2025-06-01 12:10:17] [INFO]: LoginPage Testing started
[2025-06-01 12:10:20] [INFO]: Url assertion passed succesfully
[2025-06-01 12:10:20] [INFO]: Assertion on login btn passed
[2025-06-01 12:10:20] [INFO]: Assertion Passed on username
[2025-06-01 12:10:20] [INFO]: Assertion Passed on password
[2025-06-01 12:10:20] [INFO]: Assertion on login btn passed
[2025-06-01 12:10:21] [INFO]: LoginPage Testing started
[2025-06-01 12:10:21] [INFO]: Products Testing started
[2025-06-01 12:10:21] [WARN]: Element is not editable
            Simple Computer
        Error: expect.toBeEditable: Error: Element is not an <input>, <textarea>, <select> or [contenteditable] and does not have a role allowing [aria-readonly]
Call log:
[2m  - expect.toBeEditable with timeout 5000ms[22m
[2m  - waiting for locator('xpath=(//h2[@class=\'product-title\'])[6]')[22m

[2025-06-01 12:10:21] [INFO]: Assertion on Add to productlink  Successfuly passed
[2025-06-01 12:10:22] [INFO]: Assertion on processor are Successfuly passed
[2025-06-01 12:10:22] [INFO]: Assertion on Add tocart  Successfuly passed
[2025-06-01 12:10:23] [WARN]: Element is not editable
                    Shopping cart
                    (1)
                Error: expect.toBeEditable: Error: Element is not an <input>, <textarea>, <select> or [contenteditable] and does not have a role allowing [aria-readonly]
Call log:
[2m  - expect.toBeEditable with timeout 5000ms[22m
[2m  - waiting for locator('//li[@id=\'topcartlink\']//a[@href=\'/cart\']')[22m

[2025-06-01 12:10:23] [INFO]: Assertion on shopping cart Successfuly passed
[2025-06-01 12:10:24] [INFO]: Assertion on zip code Successfuly passed
[2025-06-01 12:10:24] [INFO]: Assertion on tos box Successfuly passed
[2025-06-01 12:10:25] [INFO]: Products Testing Ended
[2025-06-01 12:10:25] [INFO]: Checkout Testing started
[2025-06-01 12:10:25] [INFO]: Assertions on Checkout Address Page started
[2025-06-01 12:10:26] [INFO]: Assertions on Checkout Address Page ended

                Your order has been successfully processed!
            
[2025-06-01 12:10:34] [INFO]: Checkout Testing started
]]>
</system-out>
</testcase>
</testsuite>
</testsuites>