<testsuites id="" name="" tests="1" failures="0" skipped="0" errors="0" time="16.19075400000019">
<testsuite name="Test.spec.js" timestamp="2025-05-20T16:38:01.352Z" hostname="chromium" tests="1" failures="0" skipped="0" time="9.51" errors="0">
<testcase name="validation on cheout page" classname="Test.spec.js" time="9.51">
<system-out>
<![CDATA[[2025-05-20 22:08:04] [INFO]: LoginPage Testing started
[2025-05-20 22:08:07] [INFO]: Url assertion passed succesfully
[2025-05-20 22:08:08] [INFO]: Products Testing started
[2025-05-20 22:08:09] [INFO]: Add to cart button Successfuly clicked
[2025-05-20 22:08:13] [INFO]: Products Testing Ended
[2025-05-20 22:08:13] [INFO]: Checkout Testing started
[2025-05-20 22:08:13] [INFO]: Assertions on Checkout Address Page started
[2025-05-20 22:08:13] [INFO]: Assertions on Checkout Address Page ended
]]>
</system-out>
</testcase>
</testsuite>
</testsuites>